TN:
SF:playwright.config.js
FNF:0
FNH:0
DA:2,3
DA:13,3
LF:2
LH:2
BRF:0
BRH:0
end_of_record
TN:
SF:src/test/functional/tests/CreateUser.spec.js
FN:5,(anonymous_0)
FN:10,(anonymous_1)
FN:44,(anonymous_2)
FN:83,(anonymous_3)
FN:109,(anonymous_4)
FN:136,(anonymous_5)
FN:162,(anonymous_6)
FNF:7
FNH:7
FNDA:2,(anonymous_0)
FNDA:1,(anonymous_1)
FNDA:1,(anonymous_2)
FNDA:1,(anonymous_3)
FNDA:1,(anonymous_4)
FNDA:1,(anonymous_5)
FNDA:1,(anonymous_6)
DA:2,2
DA:3,2
DA:5,2
DA:7,2
DA:8,2
DA:10,2
DA:12,1
DA:13,1
DA:14,1
DA:15,1
DA:16,1
DA:18,1
DA:38,1
DA:40,1
DA:44,2
DA:46,1
DA:47,1
DA:48,1
DA:49,1
DA:50,1
DA:52,1
DA:72,1
DA:74,1
DA:76,1
DA:78,1
DA:79,1
DA:83,2
DA:85,1
DA:89,1
DA:91,1
DA:92,1
DA:93,1
DA:94,1
DA:95,1
DA:96,1
DA:98,1
DA:99,1
DA:104,1
DA:105,1
DA:106,1
DA:109,2
DA:111,1
DA:116,1
DA:118,1
DA:119,1
DA:120,1
DA:121,1
DA:122,1
DA:123,0
DA:125,1
DA:126,1
DA:131,1
DA:132,1
DA:133,1
DA:136,2
DA:138,1
DA:142,1
DA:144,1
DA:145,1
DA:146,1
DA:147,1
DA:148,1
DA:149,1
DA:151,1
DA:152,1
DA:157,1
DA:158,1
DA:159,1
DA:162,2
DA:164,1
DA:169,1
DA:171,1
DA:172,1
DA:173,1
DA:174,1
DA:175,1
DA:176,0
DA:178,1
DA:179,1
DA:184,1
DA:185,1
DA:186,1
LF:82
LH:80
BRDA:93,0,0,1
BRDA:93,0,1,0
BRDA:93,1,0,1
BRDA:93,1,1,1
BRDA:95,2,0,1
BRDA:95,2,1,0
BRDA:95,3,0,1
BRDA:95,3,1,1
BRDA:98,4,0,1
BRDA:98,4,1,0
BRDA:98,5,0,1
BRDA:98,5,1,1
BRDA:120,6,0,1
BRDA:120,6,1,0
BRDA:120,7,0,1
BRDA:120,7,1,1
BRDA:122,8,0,0
BRDA:122,8,1,1
BRDA:122,9,0,1
BRDA:122,9,1,1
BRDA:125,10,0,1
BRDA:125,10,1,0
BRDA:125,11,0,1
BRDA:125,11,1,1
BRDA:146,12,0,1
BRDA:146,12,1,0
BRDA:146,13,0,1
BRDA:146,13,1,1
BRDA:148,14,0,1
BRDA:148,14,1,0
BRDA:148,15,0,1
BRDA:148,15,1,1
BRDA:151,16,0,1
BRDA:151,16,1,0
BRDA:151,17,0,1
BRDA:151,17,1,1
BRDA:173,18,0,1
BRDA:173,18,1,0
BRDA:173,19,0,1
BRDA:173,19,1,1
BRDA:175,20,0,0
BRDA:175,20,1,1
BRDA:175,21,0,1
BRDA:175,21,1,1
BRDA:178,22,0,1
BRDA:178,22,1,0
BRDA:178,23,0,1
BRDA:178,23,1,1
BRF:48
BRH:36
end_of_record
TN:
SF:src/test/functional/tests/ReadUser.spec.js
FN:5,(anonymous_0)
FN:15,(anonymous_1)
FN:51,(anonymous_2)
FNF:3
FNH:3
FNDA:2,(anonymous_0)
FNDA:1,(anonymous_1)
FNDA:1,(anonymous_2)
DA:2,2
DA:3,2
DA:5,2
DA:7,2
DA:8,2
DA:9,2
DA:10,2
DA:11,2
DA:12,2
DA:13,2
DA:15,2
DA:17,1
DA:18,1
DA:19,1
DA:20,1
DA:21,1
DA:23,1
DA:43,1
DA:45,1
DA:47,1
DA:51,2
DA:53,1
DA:55,1
DA:57,1
DA:58,1
DA:59,1
DA:60,1
DA:61,1
LF:28
LH:28
BRF:0
BRH:0
end_of_record
TN:
SF:src/test/functional/tests/UnsubscribeUser.spec.js
FN:6,(anonymous_0)
FN:13,(anonymous_1)
FN:49,(anonymous_2)
FN:70,(anonymous_3)
FNF:4
FNH:4
FNDA:2,(anonymous_0)
FNDA:2,(anonymous_1)
FNDA:1,(anonymous_2)
FNDA:1,(anonymous_3)
DA:2,2
DA:3,2
DA:4,2
DA:6,2
DA:8,2
DA:9,2
DA:10,2
DA:11,2
DA:13,2
DA:15,2
DA:16,2
DA:17,2
DA:18,2
DA:19,2
DA:21,2
DA:41,2
DA:43,2
DA:45,2
DA:49,2
DA:51,1
DA:53,1
DA:58,1
DA:60,1
DA:62,1
DA:63,1
DA:64,1
DA:66,1
DA:70,2
DA:72,1
DA:74,1
DA:79,1
DA:81,1
DA:83,1
DA:85,1
DA:87,1
DA:88,1
DA:90,1
DA:91,1
LF:38
LH:38
BRF:0
BRH:0
end_of_record
TN:
SF:src/test/functional/tests/UpdateUser.spec.js
FN:5,(anonymous_0)
FN:12,(anonymous_1)
FN:48,(anonymous_2)
FN:63,(anonymous_3)
FNF:4
FNH:4
FNDA:2,(anonymous_0)
FNDA:2,(anonymous_1)
FNDA:1,(anonymous_2)
FNDA:1,(anonymous_3)
DA:2,2
DA:3,2
DA:5,2
DA:7,2
DA:8,2
DA:9,2
DA:10,2
DA:12,2
DA:14,2
DA:15,2
DA:16,2
DA:17,2
DA:18,2
DA:20,2
DA:40,2
DA:42,2
DA:44,2
DA:48,2
DA:50,1
DA:52,1
DA:57,1
DA:59,1
DA:63,2
DA:65,1
DA:67,1
DA:71,1
DA:73,1
DA:74,1
LF:28
LH:28
BRF:0
BRH:0
end_of_record
TN:
SF:src/test/functional/utils/CommonMethods.js
FN:3,(anonymous_0)
FN:14,(anonymous_1)
FN:27,(anonymous_2)
FN:40,(anonymous_3)
FN:52,(anonymous_4)
FNF:5
FNH:5
FNDA:28,(anonymous_0)
FNDA:14,(anonymous_1)
FNDA:2,(anonymous_2)
FNDA:1,(anonymous_3)
FNDA:2,(anonymous_4)
DA:4,28
DA:5,28
DA:7,28
DA:8,168
DA:11,28
DA:15,14
DA:24,14
DA:28,2
DA:37,2
DA:41,1
DA:49,1
DA:53,2
DA:61,2
DA:66,3
LF:14
LH:14
BRF:0
BRH:0
end_of_record
TN:
SF:src/test/functional/utils/globalSetup.js
FN:4,globalSetup
FNF:1
FNH:1
FNDA:1,globalSetup
DA:1,1
DA:2,1
DA:5,1
DA:11,1
LF:4
LH:4
BRF:0
BRH:0
end_of_record
